<?xml version="1.0" encoding="UTF-8"?>
<!-- Generated by org.testng.reporters.JUnitReportReporter -->
<testsuite hostname="Aman_Ojha" failures="0" tests="3" name="tests.TransactionsTest" time="6.063" errors="0" timestamp="2026-09-18T03:34:24 IST" skipped="0">
  <testcase classname="tests.TransactionsTest" name="testTransactionsPageOpens" time="2.098"/>
  <testcase classname="tests.TransactionsTest" name="testTransactionsAreDisplayed" time="1.861"/>
  <testcase classname="tests.TransactionsTest" name="testSearchTransaction" time="2.104"/>
</testsuite> <!-- tests.TransactionsTest -->
