<?xml version="1.0" encoding="UTF-8"?>
<!-- Generated by org.testng.reporters.JUnitReportReporter -->
<testsuite hostname="Aman_Ojha" failures="0" tests="6" name="tests.BenefitsTest" time="12.572" errors="0" timestamp="2026-09-18T03:34:24 IST" skipped="0">
  <testcase classname="tests.BenefitsTest" name="testBenefitsAreDisplayed" time="2.081"/>
  <testcase classname="tests.BenefitsTest" name="testFilterByCategory" time="2.090"/>
  <testcase classname="tests.BenefitsTest" name="testRedeemBenefit" time="2.051"/>
  <testcase classname="tests.BenefitsTest" name="testOpenBenefitDetails" time="2.224"/>
  <testcase classname="tests.BenefitsTest" name="testSearchBenefit" time="2.269"/>
  <testcase classname="tests.BenefitsTest" name="testBenefitsPageOpens" time="1.857"/>
</testsuite> <!-- tests.BenefitsTest -->
