<?xml version="1.0" encoding="UTF-8"?>
<!-- Generated by org.testng.reporters.JUnitReportReporter -->
<testsuite hostname="Aman_Ojha" failures="0" tests="5" name="tests.RewardsTest" time="10.723" errors="0" timestamp="2026-09-18T03:34:24 IST" skipped="0">
  <testcase classname="tests.RewardsTest" name="testPointsDeductedAfterRedemption" time="2.083"/>
  <testcase classname="tests.RewardsTest" name="testSuccessfulRewardRedemption" time="2.266"/>
  <testcase classname="tests.RewardsTest" name="testRewardsAreDisplayed" time="1.918"/>
  <testcase classname="tests.RewardsTest" name="testRewardPointsDisplayed" time="2.071"/>
  <testcase classname="tests.RewardsTest" name="testInsufficientPointsValidation" time="2.385"/>
</testsuite> <!-- tests.RewardsTest -->
