<?xml version="1.0" encoding="UTF-8"?>
<!-- Generated by org.testng.reporters.JUnitReportReporter -->
<testsuite hostname="Aman_Ojha" failures="0" tests="4" name="tests.LoginTest" time="9.398" errors="0" timestamp="2026-09-18T03:34:24 IST" skipped="0">
  <testcase classname="tests.LoginTest" name="testSuccessfulLogin" time="1.987"/>
  <testcase classname="tests.LoginTest" name="testInvalidPassword" time="1.933"/>
  <testcase classname="tests.LoginTest" name="testInvalidUsername" time="1.842"/>
  <testcase classname="tests.LoginTest" name="testLogout" time="3.636"/>
</testsuite> <!-- tests.LoginTest -->
