<?xml version="1.0" encoding="UTF-8"?>
<!-- Generated by org.testng.reporters.JUnitXMLReporter -->
<testsuite ignored="0" hostname="Aman_Ojha" failures="0" tests="6" name="BenefitsTests" time="12.592" errors="0" timestamp="2026-09-18T03:34:07 IST">
  <testcase classname="tests.BenefitsTest" name="testBenefitsAreDisplayed" time="0.035"/>
  <testcase classname="tests.BenefitsTest" name="testBenefitsPageOpens" time="0.053"/>
  <testcase classname="tests.BenefitsTest" name="testFilterByCategory" time="0.301"/>
  <testcase classname="tests.BenefitsTest" name="testOpenBenefitDetails" time="0.291"/>
  <testcase classname="tests.BenefitsTest" name="testRedeemBenefit" time="0.281"/>
  <testcase classname="tests.BenefitsTest" name="testSearchBenefit" time="0.2"/>
</testsuite> <!-- BenefitsTests -->
