<?xml version="1.0" encoding="UTF-8"?>
<!-- Generated by org.testng.reporters.JUnitXMLReporter -->
<testsuite ignored="0" hostname="Aman_Ojha" failures="0" tests="4" name="LoginTests" time="9.453" errors="0" timestamp="2026-09-18T03:33:55 IST">
  <testcase classname="tests.LoginTest" name="testInvalidPassword" time="0.844"/>
  <testcase classname="tests.LoginTest" name="testInvalidUsername" time="0.768"/>
  <testcase classname="tests.LoginTest" name="testLogout" time="0.962"/>
  <testcase classname="tests.LoginTest" name="testSuccessfulLogin" time="0.739"/>
</testsuite> <!-- LoginTests -->
