<?xml version="1.0" encoding="UTF-8"?>
<!-- Generated by org.testng.reporters.JUnitXMLReporter -->
<testsuite ignored="0" hostname="Aman_Ojha" failures="0" tests="5" name="RewardsTests" time="10.732" errors="0" timestamp="2026-09-18T03:34:18 IST">
  <testcase classname="tests.RewardsTest" name="testInsufficientPointsValidation" time="0.317"/>
  <testcase classname="tests.RewardsTest" name="testPointsDeductedAfterRedemption" time="0.214"/>
  <testcase classname="tests.RewardsTest" name="testRewardPointsDisplayed" time="0.05"/>
  <testcase classname="tests.RewardsTest" name="testRewardsAreDisplayed" time="0.193"/>
  <testcase classname="tests.RewardsTest" name="testSuccessfulRewardRedemption" time="0.126"/>
</testsuite> <!-- RewardsTests -->
