<?xml version="1.0" encoding="UTF-8"?>
<!-- Generated by org.testng.reporters.JUnitXMLReporter -->
<testsuite ignored="0" hostname="Aman_Ojha" failures="0" tests="3" name="TransactionsTests" time="6.071" errors="0" timestamp="2026-09-18T03:34:24 IST">
  <testcase classname="tests.TransactionsTest" name="testSearchTransaction" time="0.111"/>
  <testcase classname="tests.TransactionsTest" name="testTransactionsAreDisplayed" time="0.073"/>
  <testcase classname="tests.TransactionsTest" name="testTransactionsPageOpens" time="0.051"/>
</testsuite> <!-- TransactionsTests -->
